1
Insert time : 1184.02 ms
Search time : 242.83 ms
Remove time : 524.586 ms
Total  time : 1951.44 ms

2
Insert time : 1280.88 ms
Search time : 309.972 ms
Remove time : 584.749 ms
Total  time : 2175.6 ms

3
Insert time : 1308.83 ms
Search time : 329.391 ms
Remove time : 599.757 ms
Total  time : 2237.98 ms

4
Insert time : 1313.67 ms
Search time : 353.754 ms
Remove time : 583.923 ms
Total  time : 2251.35 ms

5
Insert time : 1313.02 ms
Search time : 356.377 ms
Remove time : 584.6 ms
Total  time : 2254 ms

6
Insert time : 1313.3 ms
Search time : 317.865 ms
Remove time : 582.842 ms
Total  time : 2214.01 ms

7
Insert time : 1289.92 ms
Search time : 317.488 ms
Remove time : 578.123 ms
Total  time : 2185.53 ms

8
Insert time : 1290.55 ms
Search time : 316.645 ms
Remove time : 576.933 ms
Total  time : 2184.13 ms

9
Insert time : 1292.81 ms
Search time : 317.83 ms
Remove time : 579.128 ms
Total  time : 2189.77 ms

10
Insert time : 1302.25 ms
Search time : 310.73 ms
Remove time : 526.04 ms
Total  time : 2139.02 ms

All cost : 21s782 ms
