1
Insert time : 22.328ms
Search time : 1.608ms
Remove time : 7.312ms
Total  time : 31.248ms

2
Insert time : 21.991ms
Search time : 1.41ms
Remove time : 6.47ms
Total  time : 29.871ms

3
Insert time : 19.629ms
Search time : 1.415ms
Remove time : 6.288ms
Total  time : 27.332ms

4
Insert time : 19.487ms
Search time : 1.398ms
Remove time : 6.417ms
Total  time : 27.302ms

5
Insert time : 19.43ms
Search time : 1.41ms
Remove time : 6.363ms
Total  time : 27.203ms

6
Insert time : 19.456ms
Search time : 1.413ms
Remove time : 6.367ms
Total  time : 27.236ms

7
Insert time : 19.668ms
Search time : 1.417ms
Remove time : 6.494ms
Total  time : 27.579ms

8
Insert time : 19.649ms
Search time : 1.407ms
Remove time : 6.379ms
Total  time : 27.435ms

9
Insert time : 19.669ms
Search time : 1.405ms
Remove time : 6.584ms
Total  time : 27.658ms

10
Insert time : 19.674ms
Search time : 1.405ms
Remove time : 6.461ms
Total  time : 27.54ms

All cost : 0s280ms
