1
Insert time : 23.77 ms
Search time : 1.955 ms
Remove time : 4.995 ms
Total  time : 30.72 ms

2
Insert time : 23.365 ms
Search time : 2.024 ms
Remove time : 5.078 ms
Total  time : 30.467 ms

3
Insert time : 21.612 ms
Search time : 1.754 ms
Remove time : 4.363 ms
Total  time : 27.729 ms

4
Insert time : 20.143 ms
Search time : 1.755 ms
Remove time : 4.021 ms
Total  time : 25.919 ms

5
Insert time : 17.596 ms
Search time : 1.533 ms
Remove time : 3.808 ms
Total  time : 22.937 ms

6
Insert time : 17.55 ms
Search time : 1.54 ms
Remove time : 3.814 ms
Total  time : 22.904 ms

7
Insert time : 17.58 ms
Search time : 1.544 ms
Remove time : 3.8 ms
Total  time : 22.924 ms

8
Insert time : 17.528 ms
Search time : 1.535 ms
Remove time : 3.809 ms
Total  time : 22.872 ms

9
Insert time : 17.59 ms
Search time : 1.536 ms
Remove time : 3.815 ms
Total  time : 22.941 ms

10
Insert time : 17.527 ms
Search time : 1.534 ms
Remove time : 3.807 ms
Total  time : 22.868 ms

All cost : 0s252 ms
