/home/Ash_JK54/Code
/home/Ash_JK54/Code/C++Primer_5th
/home/Ash_JK54/Code/C++Primer_5th/10.11.cpp
/home/Ash_JK54/Code/C++Primer_5th/10.12.cpp
/home/Ash_JK54/Code/C++Primer_5th/10.13.cpp
/home/Ash_JK54/Code/C++Primer_5th/10.14.cpp
/home/Ash_JK54/Code/C++Primer_5th/10.15.cpp
/home/Ash_JK54/Code/C++Primer_5th/10.16.cpp
/home/Ash_JK54/Code/C++Primer_5th/10.17.cpp
/home/Ash_JK54/Code/C++Primer_5th/10.18.cpp
/home/Ash_JK54/Code/C++Primer_5th/10.19.cpp
/home/Ash_JK54/Code/C++Primer_5th/10.1.cpp
/home/Ash_JK54/Code/C++Primer_5th/10.20.cpp
/home/Ash_JK54/Code/C++Primer_5th/10.21.cpp
/home/Ash_JK54/Code/C++Primer_5th/10.22.cpp
/home/Ash_JK54/Code/C++Primer_5th/10.24.cpp
/home/Ash_JK54/Code/C++Primer_5th/10.25.cpp
/home/Ash_JK54/Code/C++Primer_5th/10.27.cpp
/home/Ash_JK54/Code/C++Primer_5th/10.28.cpp
/home/Ash_JK54/Code/C++Primer_5th/10.29.cpp
/home/Ash_JK54/Code/C++Primer_5th/10.29.txt
/home/Ash_JK54/Code/C++Primer_5th/10.2.cpp
/home/Ash_JK54/Code/C++Primer_5th/10.30.cpp
/home/Ash_JK54/Code/C++Primer_5th/10.32.cpp
/home/Ash_JK54/Code/C++Primer_5th/10.33.cpp
/home/Ash_JK54/Code/C++Primer_5th/10.33.txt
/home/Ash_JK54/Code/C++Primer_5th/10.34.cpp
/home/Ash_JK54/Code/C++Primer_5th/10.35.cpp
/home/Ash_JK54/Code/C++Primer_5th/10.3.cpp
/home/Ash_JK54/Code/C++Primer_5th/10.6.cpp
/home/Ash_JK54/Code/C++Primer_5th/10.9.cpp
/home/Ash_JK54/Code/C++Primer_5th/11.12.cpp
/home/Ash_JK54/Code/C++Primer_5th/11.12.txt
/home/Ash_JK54/Code/C++Primer_5th/11.14.cpp
/home/Ash_JK54/Code/C++Primer_5th/11.18.cpp
/home/Ash_JK54/Code/C++Primer_5th/11.20.cpp
/home/Ash_JK54/Code/C++Primer_5th/11.31.cpp
/home/Ash_JK54/Code/C++Primer_5th/11.33.cpp
/home/Ash_JK54/Code/C++Primer_5th/11.33.txt
/home/Ash_JK54/Code/C++Primer_5th/11.3.cpp
/home/Ash_JK54/Code/C++Primer_5th/11.3.txt
/home/Ash_JK54/Code/C++Primer_5th/11.4.cpp
/home/Ash_JK54/Code/C++Primer_5th/11.cpp
/home/Ash_JK54/Code/C++Primer_5th/11.sln
/home/Ash_JK54/Code/C++Primer_5th/12.12.cpp
/home/Ash_JK54/Code/C++Primer_5th/12.19.h
/home/Ash_JK54/Code/C++Primer_5th/12.20.cpp
/home/Ash_JK54/Code/C++Primer_5th/12.20.txt
/home/Ash_JK54/Code/C++Primer_5th/12.23.cpp
/home/Ash_JK54/Code/C++Primer_5th/12.24.cpp
/home/Ash_JK54/Code/C++Primer_5th/12.26.cpp
/home/Ash_JK54/Code/C++Primer_5th/12.27.h
/home/Ash_JK54/Code/C++Primer_5th/12.28.cpp
/home/Ash_JK54/Code/C++Primer_5th/12.2.h
/home/Ash_JK54/Code/C++Primer_5th/12.6.cpp
/home/Ash_JK54/Code/C++Primer_5th/12.7.cpp
/home/Ash_JK54/Code/C++Primer_5th/12.cpp
/home/Ash_JK54/Code/C++Primer_5th/13.13.cpp
/home/Ash_JK54/Code/C++Primer_5th/13.17.cpp
/home/Ash_JK54/Code/C++Primer_5th/13.18.cpp
/home/Ash_JK54/Code/C++Primer_5th/13.18.h
/home/Ash_JK54/Code/C++Primer_5th/13.27.h
/home/Ash_JK54/Code/C++Primer_5th/13.28.h
/home/Ash_JK54/Code/C++Primer_5th/13.30.cpp
/home/Ash_JK54/Code/C++Primer_5th/13.30.h
/home/Ash_JK54/Code/C++Primer_5th/13.34_def.h
/home/Ash_JK54/Code/C++Primer_5th/13.34.h
/home/Ash_JK54/Code/C++Primer_5th/13.39.cpp
/home/Ash_JK54/Code/C++Primer_5th/13.39.h
/home/Ash_JK54/Code/C++Primer_5th/13.44.1.cpp
/home/Ash_JK54/Code/C++Primer_5th/13.44.cpp
/home/Ash_JK54/Code/C++Primer_5th/13.44.h
/home/Ash_JK54/Code/C++Primer_5th/13.48.cpp
/home/Ash_JK54/Code/C++Primer_5th/13.58.h
/home/Ash_JK54/Code/C++Primer_5th/13.8.h
/home/Ash_JK54/Code/C++Primer_5th/14.11.cpp
/home/Ash_JK54/Code/C++Primer_5th/14.47.cpp
/home/Ash_JK54/Code/C++Primer_5th/15.11.cpp
/home/Ash_JK54/Code/C++Primer_5th/15.11.h
/home/Ash_JK54/Code/C++Primer_5th/15.15.cpp
/home/Ash_JK54/Code/C++Primer_5th/15.15.h
/home/Ash_JK54/Code/C++Primer_5th/15.16.cpp
/home/Ash_JK54/Code/C++Primer_5th/15.16.h
/home/Ash_JK54/Code/C++Primer_5th/15.17.cpp
/home/Ash_JK54/Code/C++Primer_5th/15.3.cpp
/home/Ash_JK54/Code/C++Primer_5th/15.3.h
/home/Ash_JK54/Code/C++Primer_5th/15.5.h
/home/Ash_JK54/Code/C++Primer_5th/15.6.cpp
/home/Ash_JK54/Code/C++Primer_5th/16.2.cpp
/home/Ash_JK54/Code/C++Primer_5th/16.35.cpp
/home/Ash_JK54/Code/C++Primer_5th/16.3.cpp
/home/Ash_JK54/Code/C++Primer_5th/16.4.cpp
/home/Ash_JK54/Code/C++Primer_5th/16.4.h
/home/Ash_JK54/Code/C++Primer_5th/16.53.cpp
/home/Ash_JK54/Code/C++Primer_5th/16.5.cpp
/home/Ash_JK54/Code/C++Primer_5th/16.5.h
/home/Ash_JK54/Code/C++Primer_5th/16.6.cpp
/home/Ash_JK54/Code/C++Primer_5th/16.6.h
/home/Ash_JK54/Code/C++Primer_5th/2.32.cpp
/home/Ash_JK54/Code/C++Primer_5th/2.36.cc
/home/Ash_JK54/Code/C++Primer_5th/2.39.cpp
/home/Ash_JK54/Code/C++Primer_5th/2.8.cpp
/home/Ash_JK54/Code/C++Primer_5th/3.10.cpp
/home/Ash_JK54/Code/C++Primer_5th/3.14.cpp
/home/Ash_JK54/Code/C++Primer_5th/3.15.cpp
/home/Ash_JK54/Code/C++Primer_5th/3.16.cpp
/home/Ash_JK54/Code/C++Primer_5th/3.17.cpp
/home/Ash_JK54/Code/C++Primer_5th/3.20.cpp
/home/Ash_JK54/Code/C++Primer_5th/3.21.cpp
/home/Ash_JK54/Code/C++Primer_5th/3.22.cpp
/home/Ash_JK54/Code/C++Primer_5th/3.23.cpp
/home/Ash_JK54/Code/C++Primer_5th/3.24.cpp
/home/Ash_JK54/Code/C++Primer_5th/3.31.cpp
/home/Ash_JK54/Code/C++Primer_5th/3.4.cpp
/home/Ash_JK54/Code/C++Primer_5th/3.5.cpp
/home/Ash_JK54/Code/C++Primer_5th/4.22.cpp
/home/Ash_JK54/Code/C++Primer_5th/4.4.cpp
/home/Ash_JK54/Code/C++Primer_5th/5.24.cpp
/home/Ash_JK54/Code/C++Primer_5th/6.24.cpp
/home/Ash_JK54/Code/C++Primer_5th/6.25.cpp
/home/Ash_JK54/Code/C++Primer_5th/6.27.cpp
/home/Ash_JK54/Code/C++Primer_5th/6.30.cpp
/home/Ash_JK54/Code/C++Primer_5th/6.6_7.cpp
/home/Ash_JK54/Code/C++Primer_5th/6.9.cpp
/home/Ash_JK54/Code/C++Primer_5th/6.9.h
/home/Ash_JK54/Code/C++Primer_5th/6.9.h.cpp
/home/Ash_JK54/Code/C++Primer_5th/7.11.cpp
/home/Ash_JK54/Code/C++Primer_5th/7.26.cpp
/home/Ash_JK54/Code/C++Primer_5th/7.27.cpp
/home/Ash_JK54/Code/C++Primer_5th/7.2.h
/home/Ash_JK54/Code/C++Primer_5th/7.3.cpp
/home/Ash_JK54/Code/C++Primer_5th/7.43.cpp
/home/Ash_JK54/Code/C++Primer_5th/7.53.cpp
/home/Ash_JK54/Code/C++Primer_5th/7.58.cpp
/home/Ash_JK54/Code/C++Primer_5th/7.7.cpp
/home/Ash_JK54/Code/C++Primer_5th/8.4.cpp
/home/Ash_JK54/Code/C++Primer_5th/8.4.output
/home/Ash_JK54/Code/C++Primer_5th/8.4.test1
/home/Ash_JK54/Code/C++Primer_5th/8.4.test2
/home/Ash_JK54/Code/C++Primer_5th/9.10.cpp
/home/Ash_JK54/Code/C++Primer_5th/9.11.cpp
/home/Ash_JK54/Code/C++Primer_5th/9.13.cpp
/home/Ash_JK54/Code/C++Primer_5th/9.14.cpp
/home/Ash_JK54/Code/C++Primer_5th/9.15.cpp
/home/Ash_JK54/Code/C++Primer_5th/9.16.cpp
/home/Ash_JK54/Code/C++Primer_5th/9.18.cpp
/home/Ash_JK54/Code/C++Primer_5th/9.19.cpp
/home/Ash_JK54/Code/C++Primer_5th/9.20.cpp
/home/Ash_JK54/Code/C++Primer_5th/9.24.cpp
/home/Ash_JK54/Code/C++Primer_5th/9.26.cpp
/home/Ash_JK54/Code/C++Primer_5th/9.27.cpp
/home/Ash_JK54/Code/C++Primer_5th/9.28.cpp
/home/Ash_JK54/Code/C++Primer_5th/9.31.cpp
/home/Ash_JK54/Code/C++Primer_5th/9.40.cpp
/home/Ash_JK54/Code/C++Primer_5th/chapter7.h
/home/Ash_JK54/Code/C++Primer_5th/class_delete_failed.cpp
/home/Ash_JK54/Code/C++Primer_5th/comm.h
/home/Ash_JK54/Code/C++Primer_5th/OOP.cpp
/home/Ash_JK54/Code/C++Primer_5th/pointer_quote_mult.cpp
/home/Ash_JK54/Code/C++Primer_5th/The\ Call\ Of\ The\ Wild.txt
/home/Ash_JK54/Code/Data_Struct
/home/Ash_JK54/Code/Data_Struct/Include
/home/Ash_JK54/Code/Data_Struct/Include/AVLTree.hpp
/home/Ash_JK54/Code/Data_Struct/Include/BinaryTree.hpp
/home/Ash_JK54/Code/Data_Struct/Include/BSTree.hpp
/home/Ash_JK54/Code/Data_Struct/Include/B+Tree.hpp.unsolved
/home/Ash_JK54/Code/Data_Struct/Include/CompleteBinaryTree.hpp
/home/Ash_JK54/Code/Data_Struct/Include/Forest.hpp
/home/Ash_JK54/Code/Data_Struct/Include/GenList.hpp
/home/Ash_JK54/Code/Data_Struct/Include/Graph.hpp
/home/Ash_JK54/Code/Data_Struct/Include/Hash.hpp
/home/Ash_JK54/Code/Data_Struct/Include/Heap_Array.hpp
/home/Ash_JK54/Code/Data_Struct/Include/Heap_LinkedBST.hpp
/home/Ash_JK54/Code/Data_Struct/Include/HuffmanTree.hpp
/home/Ash_JK54/Code/Data_Struct/Include/LinearList_linked_list.hpp
/home/Ash_JK54/Code/Data_Struct/Include/MinHeap_LinkedBST.hpp
/home/Ash_JK54/Code/Data_Struct/Include/Queue.hpp
/home/Ash_JK54/Code/Data_Struct/Include/RBTree.hpp.unsolved
/home/Ash_JK54/Code/Data_Struct/Include/SeqList.hpp
/home/Ash_JK54/Code/Data_Struct/Include/Sort.hpp
/home/Ash_JK54/Code/Data_Struct/Include/Sparse_Matrix_LinkedList.hpp
/home/Ash_JK54/Code/Data_Struct/Include/Sparse_Matrix_Trituple.hpp
/home/Ash_JK54/Code/Data_Struct/Include/Stack.hpp
/home/Ash_JK54/Code/Data_Struct/Include/sys_comm.h
/home/Ash_JK54/Code/Data_Struct/Include/ThreadBinaryTree.hpp
/home/Ash_JK54/Code/Data_Struct/Include/UFSet.hpp
/home/Ash_JK54/Code/Data_Struct/Source
/home/Ash_JK54/Code/Data_Struct/Source/infinite_series.cpp
/home/Ash_JK54/Code/Data_Struct/Source/KMP.cpp
/home/Ash_JK54/Code/Data_Struct/Source/LinearList
/home/Ash_JK54/Code/Data_Struct/Source/LinearList/Josephus_CircList.cpp
/home/Ash_JK54/Code/Data_Struct/Source/LinearList/Josephus_SeqList.cpp
/home/Ash_JK54/Code/Data_Struct/Source/LinearList/LinearList.h
/home/Ash_JK54/Code/Data_Struct/Source/Others
/home/Ash_JK54/Code/Data_Struct/Source/Others/abcd.cpp
/home/Ash_JK54/Code/Data_Struct/Source/Others/fibonacci.cpp
/home/Ash_JK54/Code/Data_Struct/Source/Others/GL_pi.cpp
/home/Ash_JK54/Code/Data_Struct/Source/Others/HailStone.cpp
/home/Ash_JK54/Code/Data_Struct/Source/Others/hanoi.cpp
/home/Ash_JK54/Code/Data_Struct/Source/Others/Ramanujan_pi.cpp
/home/Ash_JK54/Code/Data_Struct/Source/Stack_Queue
/home/Ash_JK54/Code/Data_Struct/Source/Stack_Queue/Ackerman.cpp
/home/Ash_JK54/Code/Data_Struct/Source/Stack_Queue/BracketMatch.cpp
/home/Ash_JK54/Code/Data_Struct/Source/Stack_Queue/Calculator.cpp
/home/Ash_JK54/Code/Data_Struct/Source/Stack_Queue/Dec2Bin.cpp
/home/Ash_JK54/Code/Data_Struct/Source/Stack_Queue/Decompose.cpp
/home/Ash_JK54/Code/Data_Struct/Source/Stack_Queue/EightQueen.cpp
/home/Ash_JK54/Code/Data_Struct/Source/Stack_Queue/eightqueen_wiki.c
/home/Ash_JK54/Code/Data_Struct/Source/Stack_Queue/GCD.cpp
/home/Ash_JK54/Code/Data_Struct/Source/Stack_Queue/Partperm.cpp
/home/Ash_JK54/Code/Data_Struct/Source/Stack_Queue/Permutation.cpp
/home/Ash_JK54/Code/Data_Struct/Test
/home/Ash_JK54/Code/Data_Struct/Test/a-DESKTOP-3KNTR37.out
/home/Ash_JK54/Code/Data_Struct/Test/AVLTree.cpp
/home/Ash_JK54/Code/Data_Struct/Test/Binarytree.cpp
/home/Ash_JK54/Code/Data_Struct/Test/binarytree.txt
/home/Ash_JK54/Code/Data_Struct/Test/BSTree.cpp
/home/Ash_JK54/Code/Data_Struct/Test/bst.txt
/home/Ash_JK54/Code/Data_Struct/Test/CBTree.cpp
/home/Ash_JK54/Code/Data_Struct/Test/forest1.txt
/home/Ash_JK54/Code/Data_Struct/Test/Forest.cpp
/home/Ash_JK54/Code/Data_Struct/Test/forest.txt
/home/Ash_JK54/Code/Data_Struct/Test/Genlist.cpp
/home/Ash_JK54/Code/Data_Struct/Test/genlist.txt
/home/Ash_JK54/Code/Data_Struct/Test/Graph.cpp
/home/Ash_JK54/Code/Data_Struct/Test/Hash.cpp
/home/Ash_JK54/Code/Data_Struct/Test/hash.txt
/home/Ash_JK54/Code/Data_Struct/Test/heap1.txt
/home/Ash_JK54/Code/Data_Struct/Test/heap2.txt
/home/Ash_JK54/Code/Data_Struct/Test/Heap_A.cpp
/home/Ash_JK54/Code/Data_Struct/Test/Heap.cpp
/home/Ash_JK54/Code/Data_Struct/Test/Huffman.cpp
/home/Ash_JK54/Code/Data_Struct/Test/Linkedlist.cpp
/home/Ash_JK54/Code/Data_Struct/Test/matrix1.txt
/home/Ash_JK54/Code/Data_Struct/Test/matrix2.txt
/home/Ash_JK54/Code/Data_Struct/Test/Matrix.cpp
/home/Ash_JK54/Code/Data_Struct/Test/Matrix_T.cpp
/home/Ash_JK54/Code/Data_Struct/Test/print_multi_diagonal_matrix.cpp
/home/Ash_JK54/Code/Data_Struct/Test/Queue.cpp
/home/Ash_JK54/Code/Data_Struct/Test/SeqList.cpp
/home/Ash_JK54/Code/Data_Struct/Test/Sort.cpp
/home/Ash_JK54/Code/Data_Struct/Test/Sort-DESKTOP-3KNTR37.cpp
/home/Ash_JK54/Code/Data_Struct/Test/Stack.cpp
/home/Ash_JK54/Code/Data_Struct/Test/Thread.cpp
/home/Ash_JK54/Code/Data_Struct/unsolved.md
/home/Ash_JK54/Code/.git
/home/Ash_JK54/Code/.git/branches
/home/Ash_JK54/Code/.git/COMMIT_EDITMSG
/home/Ash_JK54/Code/.git/config
/home/Ash_JK54/Code/.git/description
/home/Ash_JK54/Code/.git/FETCH_HEAD
/home/Ash_JK54/Code/.git/HEAD
/home/Ash_JK54/Code/.git/hooks
/home/Ash_JK54/Code/.git/hooks/applypatch-msg.sample
/home/Ash_JK54/Code/.git/hooks/commit-msg.sample
/home/Ash_JK54/Code/.git/hooks/post-update.sample
/home/Ash_JK54/Code/.git/hooks/pre-applypatch.sample
/home/Ash_JK54/Code/.git/hooks/pre-commit.sample
/home/Ash_JK54/Code/.git/hooks/prepare-commit-msg.sample
/home/Ash_JK54/Code/.git/hooks/pre-push.sample
/home/Ash_JK54/Code/.git/hooks/pre-rebase.sample
/home/Ash_JK54/Code/.git/hooks/update.sample
/home/Ash_JK54/Code/.git/index
/home/Ash_JK54/Code/.git/info
/home/Ash_JK54/Code/.git/info/exclude
/home/Ash_JK54/Code/.git/logs
/home/Ash_JK54/Code/.git/logs/HEAD
/home/Ash_JK54/Code/.git/logs/refs
/home/Ash_JK54/Code/.git/logs/refs/heads
/home/Ash_JK54/Code/.git/logs/refs/heads/master
/home/Ash_JK54/Code/.git/logs/refs/remotes
/home/Ash_JK54/Code/.git/logs/refs/remotes/origin
/home/Ash_JK54/Code/.git/logs/refs/remotes/origin/master
/home/Ash_JK54/Code/.git/objects
/home/Ash_JK54/Code/.git/objects/01
/home/Ash_JK54/Code/.git/objects/01/2c276f3951cafa7915d6883feb04757e8cef80
/home/Ash_JK54/Code/.git/objects/02
/home/Ash_JK54/Code/.git/objects/02/72d4178d19d94ea771bc208d5f4a40bb47a9f7
/home/Ash_JK54/Code/.git/objects/02/983635e7d62edd35a631ee98092b320810f621
/home/Ash_JK54/Code/.git/objects/03
/home/Ash_JK54/Code/.git/objects/03/d50be0f249e8d88faad49a3a2cd2abda7b2b06
/home/Ash_JK54/Code/.git/objects/04
/home/Ash_JK54/Code/.git/objects/04/bba2301299b40ff1e0cdf89c74edf1df8507a0
/home/Ash_JK54/Code/.git/objects/05
/home/Ash_JK54/Code/.git/objects/05/1b97a240196cbed9912c05a41749cbe50c4091
/home/Ash_JK54/Code/.git/objects/05/ab9bbda16176ec2892e2a2cd0d08d0278e40ca
/home/Ash_JK54/Code/.git/objects/06
/home/Ash_JK54/Code/.git/objects/06/882996070e474e37a335527951229327b0bf4b
/home/Ash_JK54/Code/.git/objects/07
/home/Ash_JK54/Code/.git/objects/07/1b48b2d6794bf44ce28f90d2643d7723e46ff9
/home/Ash_JK54/Code/.git/objects/07/f13f2122a65458ae1c3b2353a5909598cbe84b
/home/Ash_JK54/Code/.git/objects/08
/home/Ash_JK54/Code/.git/objects/08/1e04a05b7202e038947750d050be1793953973
/home/Ash_JK54/Code/.git/objects/08/3eb02607e135c66172829b8d5c9b2750a6a7ab
/home/Ash_JK54/Code/.git/objects/08/7af5ea56e77cbd3e6328fbf5989009a8afbdcf
/home/Ash_JK54/Code/.git/objects/09
/home/Ash_JK54/Code/.git/objects/09/667cbf2590a4860061f4aa6a9bc3cd159f2a13
/home/Ash_JK54/Code/.git/objects/09/d8029c232c258f2326b1ba10bbe1b92ccb8b27
/home/Ash_JK54/Code/.git/objects/0a
/home/Ash_JK54/Code/.git/objects/0a/8d455f003bfe9aa9fb1b1fc867dbf1fc2abc8a
/home/Ash_JK54/Code/.git/objects/0b
/home/Ash_JK54/Code/.git/objects/0b/ce8a00c12355bfda948debc248cbe846a7038f
/home/Ash_JK54/Code/.git/objects/0c
/home/Ash_JK54/Code/.git/objects/0c/bc2a42f7485293a7b3e0c1adc5a4789981794c
/home/Ash_JK54/Code/.git/objects/0d
/home/Ash_JK54/Code/.git/objects/0d/12ff559eddada4b648818f0d7a79522d2ed183
/home/Ash_JK54/Code/.git/objects/0d/a62426aa8df7322af09f953eca38ac7115b1ae
/home/Ash_JK54/Code/.git/objects/0d/bf108f9e6e25c87b185ae84fe72eab83ef34c6
/home/Ash_JK54/Code/.git/objects/0e
/home/Ash_JK54/Code/.git/objects/0e/272f183e1b9efc3b4939fb7de086e195e835dc
/home/Ash_JK54/Code/.git/objects/0f
/home/Ash_JK54/Code/.git/objects/0f/776553168e028df3ee4278985daf77cf56be9c
/home/Ash_JK54/Code/.git/objects/10
/home/Ash_JK54/Code/.git/objects/10/c56d142451ab6eff8745d1a5a242de0daec7bd
/home/Ash_JK54/Code/.git/objects/10/f279833ae14e42fdfa3b53361b83522130154d
/home/Ash_JK54/Code/.git/objects/11
/home/Ash_JK54/Code/.git/objects/11/a8611ba6ef5e878cd1f5a7cc228eddcb50ddfc
/home/Ash_JK54/Code/.git/objects/11/c55f50cd1b8f77731635743a1826cf56df09fa
/home/Ash_JK54/Code/.git/objects/11/f28419c30e00c55714c50036ee9e054f7d24e5
/home/Ash_JK54/Code/.git/objects/12
/home/Ash_JK54/Code/.git/objects/12/3c4ea8e8cee8015ede1e27f546ff1c6e5d9da4
/home/Ash_JK54/Code/.git/objects/12/731d3692e6a7515a86ef57d7165fc4cf8fee77
/home/Ash_JK54/Code/.git/objects/15
/home/Ash_JK54/Code/.git/objects/15/4e9cdd3e74615a72c1d995a5444b97b1454c92
/home/Ash_JK54/Code/.git/objects/17
/home/Ash_JK54/Code/.git/objects/17/049bc32db00bdc553b4d05e5d880d95be6e788
/home/Ash_JK54/Code/.git/objects/17/6eefb50fa419ab2717c60c08f51ac6ca6c25cb
/home/Ash_JK54/Code/.git/objects/18
/home/Ash_JK54/Code/.git/objects/18/adf952e427a8889f28db63c4f7e422bbd3c3ac
/home/Ash_JK54/Code/.git/objects/19
/home/Ash_JK54/Code/.git/objects/19/a45248f0b03183051f19c042d3123a5b5ed326
/home/Ash_JK54/Code/.git/objects/19/c6ac4588831d7292f89a6bea447cf426b070a7
/home/Ash_JK54/Code/.git/objects/1a
/home/Ash_JK54/Code/.git/objects/1a/4f743916e30f8d7de22f3fb72ce9f8cc38aa04
/home/Ash_JK54/Code/.git/objects/1a/87e378f670e8e011ef42e2d2fd8fb80fe7ad45
/home/Ash_JK54/Code/.git/objects/1b
/home/Ash_JK54/Code/.git/objects/1b/b8dd3636551d218ad6ccc4973537f130c3b94f
/home/Ash_JK54/Code/.git/objects/1c
/home/Ash_JK54/Code/.git/objects/1c/f68a3a9bef51db4c03ac321b9ef4ae6487c197
/home/Ash_JK54/Code/.git/objects/1d
/home/Ash_JK54/Code/.git/objects/1d/605be75ee95c65deb87312e9756fd199c63c35
/home/Ash_JK54/Code/.git/objects/1e
/home/Ash_JK54/Code/.git/objects/1e/99faf1c1344f656947c4ee45d70e8745178faa
/home/Ash_JK54/Code/.git/objects/1e/b475b1894af18412a97d14921b851be225db2d
/home/Ash_JK54/Code/.git/objects/1f
/home/Ash_JK54/Code/.git/objects/1f/b6400d57607155c86273582ebd1c114733d532
/home/Ash_JK54/Code/.git/objects/1f/cf0813e7a5b8a2c53a9ad3ac3700f8a4c06aa1
/home/Ash_JK54/Code/.git/objects/20
/home/Ash_JK54/Code/.git/objects/20/6c7bed2d621d091fcdda9900f9ea1b54d55ba1
/home/Ash_JK54/Code/.git/objects/21
/home/Ash_JK54/Code/.git/objects/21/51b43c504402ae757416fa33d39c25007df548
/home/Ash_JK54/Code/.git/objects/23
/home/Ash_JK54/Code/.git/objects/23/e471098acdb82e33ab15c92c6fa148d79c792d
/home/Ash_JK54/Code/.git/objects/25
/home/Ash_JK54/Code/.git/objects/25/f1ed93dbea88a759e20247022e7687eb108daf
/home/Ash_JK54/Code/.git/objects/26
/home/Ash_JK54/Code/.git/objects/26/65a611a35642e6554104f2c0a9825fe668e183
/home/Ash_JK54/Code/.git/objects/27
/home/Ash_JK54/Code/.git/objects/27/0ad286544d6c0f67973ffb4cd5d57b7214c162
/home/Ash_JK54/Code/.git/objects/27/b004ded9c41ac1991b97f358f35f8d593d36bc
/home/Ash_JK54/Code/.git/objects/27/c511fb4c330a40b9ff810e1cd98ff33483e040
/home/Ash_JK54/Code/.git/objects/2a
/home/Ash_JK54/Code/.git/objects/2a/96c981218ef2f5940943660627ef4e26ae2757
/home/Ash_JK54/Code/.git/objects/2c
/home/Ash_JK54/Code/.git/objects/2c/10fe8c5592d37f1a14322d1ca9a5bf699730fd
/home/Ash_JK54/Code/.git/objects/2c/890f0a4f1485223cbeddabafbfb5565b1e4613
/home/Ash_JK54/Code/.git/objects/2c/e69141214105e2c01dd9470fe2c2d8796228c1
/home/Ash_JK54/Code/.git/objects/2d
/home/Ash_JK54/Code/.git/objects/2d/bce25d0073b908a9f51dfa36ec20c4f792f8ea
/home/Ash_JK54/Code/.git/objects/2f
/home/Ash_JK54/Code/.git/objects/2f/bcf6da85453800fbfa49028de792a15d65be42
/home/Ash_JK54/Code/.git/objects/30
/home/Ash_JK54/Code/.git/objects/30/648e92cde09fd9f191033778b9acf0a6e476f3
/home/Ash_JK54/Code/.git/objects/31
/home/Ash_JK54/Code/.git/objects/31/3ed7845456958aefe3970adf1280fb61d044e1
/home/Ash_JK54/Code/.git/objects/31/82a5b20a4582aa6f68f470efd257152da309de
/home/Ash_JK54/Code/.git/objects/31/82da4c8b1ddad5cabfa564268d26e54c366e38
/home/Ash_JK54/Code/.git/objects/32
/home/Ash_JK54/Code/.git/objects/32/800eb1514ed14cd70188b6363cbbaf1a0bcf87
/home/Ash_JK54/Code/.git/objects/32/f8e36816832d35f9153c3a5c2d586bd2ba9b65
/home/Ash_JK54/Code/.git/objects/33
/home/Ash_JK54/Code/.git/objects/33/8e76c7c9dedf4c3a0c0b8d1ab25848c6c0d7a9
/home/Ash_JK54/Code/.git/objects/33/d6ac84d2137efe2bf9f9ca397e9d40adfc3058
/home/Ash_JK54/Code/.git/objects/34
/home/Ash_JK54/Code/.git/objects/34/f2e0a92102ec7121aa1252927c05c74754dd33
/home/Ash_JK54/Code/.git/objects/35
/home/Ash_JK54/Code/.git/objects/35/ac7a99da042a368d3a4edafbd7be4b82209ae3
/home/Ash_JK54/Code/.git/objects/37
/home/Ash_JK54/Code/.git/objects/37/04a707c2813877805c25bd92345f5ae0f73a14
/home/Ash_JK54/Code/.git/objects/37/354415426ea941e8bfbc0bf6eba628359b6fda
/home/Ash_JK54/Code/.git/objects/39
/home/Ash_JK54/Code/.git/objects/39/00f17ec5b90ba22bb2f87b63108707a77934d8
/home/Ash_JK54/Code/.git/objects/3a
/home/Ash_JK54/Code/.git/objects/3a/1ced3fc74ed148c2f591256df711852221392a
/home/Ash_JK54/Code/.git/objects/3a/2170a927513568a1c0104494ad83167c4bae08
/home/Ash_JK54/Code/.git/objects/3a/7cf1f5b4487e54202b349704950058f4c1ad60
/home/Ash_JK54/Code/.git/objects/3a/88314c66613446d6cfad1ff9bf86684189e091
/home/Ash_JK54/Code/.git/objects/3b
/home/Ash_JK54/Code/.git/objects/3b/2379d812db6d212407c9f590e86e5e0b8a7815
/home/Ash_JK54/Code/.git/objects/3b/378ef800df9d0169c18144ec84f40e6aa4f0a2
/home/Ash_JK54/Code/.git/objects/3b/b9a8cca6c5c19e9b7a820009d0abb1e12f217d
/home/Ash_JK54/Code/.git/objects/3b/c5cb918b4594739751a92cbde57f77a667ba03
/home/Ash_JK54/Code/.git/objects/3b/dba035a7c5e7b9c33d4ea069f934bc929e73de
/home/Ash_JK54/Code/.git/objects/3c
/home/Ash_JK54/Code/.git/objects/3c/ff6f10c847b4d092c3dbe26bbd6bfa9be75dcb
/home/Ash_JK54/Code/.git/objects/3d
/home/Ash_JK54/Code/.git/objects/3d/f4edd5e4934227fa39a069507984376d503b03
/home/Ash_JK54/Code/.git/objects/3e
/home/Ash_JK54/Code/.git/objects/3e/1d162b82d17097946679247796090f2b3939f9
/home/Ash_JK54/Code/.git/objects/40
/home/Ash_JK54/Code/.git/objects/40/3f4c556676dc219b573c3eff6e732b932b8fd6
/home/Ash_JK54/Code/.git/objects/41
/home/Ash_JK54/Code/.git/objects/41/a3d3ae2478d9e1c541f2be6c05c329cb1c6b8c
/home/Ash_JK54/Code/.git/objects/41/e7b973389d0c00fca6bae84ff5252a25228205
/home/Ash_JK54/Code/.git/objects/43
/home/Ash_JK54/Code/.git/objects/43/288babf4857415322212f92826232bda19cbb5
/home/Ash_JK54/Code/.git/objects/43/a049e08b1217f5b6aa585413f3368f168cc0c1
/home/Ash_JK54/Code/.git/objects/44
/home/Ash_JK54/Code/.git/objects/44/bb4634c33315d2751d46273fd66c069db2e90d
/home/Ash_JK54/Code/.git/objects/45
/home/Ash_JK54/Code/.git/objects/45/e49d4ca544b4152e08fd162da8c6c20160e609
/home/Ash_JK54/Code/.git/objects/46
/home/Ash_JK54/Code/.git/objects/46/3c4a36fc5a9bc7bfeea3cd385feff3ca538685
/home/Ash_JK54/Code/.git/objects/47
/home/Ash_JK54/Code/.git/objects/47/c6687b183be37737406e2073a5c21d83ef282e
/home/Ash_JK54/Code/.git/objects/48
/home/Ash_JK54/Code/.git/objects/48/1af375397fb183154a61ff679983deb2e5c435
/home/Ash_JK54/Code/.git/objects/4c
/home/Ash_JK54/Code/.git/objects/4c/d451e228e03a24e64fbcb705e0a52aa44a29d2
/home/Ash_JK54/Code/.git/objects/4d
/home/Ash_JK54/Code/.git/objects/4d/1b5cc6bb662f7b98cc9eee45c5697c948d3d28
/home/Ash_JK54/Code/.git/objects/4d/468263ed14e8b49d63589fb9a66a3d462f910a
/home/Ash_JK54/Code/.git/objects/4d/cc49a614b74d710fee33b32fc5823a694be6ea
/home/Ash_JK54/Code/.git/objects/52
/home/Ash_JK54/Code/.git/objects/52/cb330f0d59b23e1c678e5f52b0482924947c1f
/home/Ash_JK54/Code/.git/objects/53
/home/Ash_JK54/Code/.git/objects/53/20a0bdee99e197f1e75b93443d210697297a2a
/home/Ash_JK54/Code/.git/objects/53/2e7af94bcb42e928ad56e5bb68c24443c08e75
/home/Ash_JK54/Code/.git/objects/55
/home/Ash_JK54/Code/.git/objects/55/414564e59c27b48a9bfd13ce50958f7016985a
/home/Ash_JK54/Code/.git/objects/55/a154a3f8e1790a6014fbedf80ff358087392a1
/home/Ash_JK54/Code/.git/objects/56
/home/Ash_JK54/Code/.git/objects/56/01c29e4596e6300342feb45d8262a6e75fe389
/home/Ash_JK54/Code/.git/objects/56/1ec8619ba2aa74a897bb6475b8d339060868ab
/home/Ash_JK54/Code/.git/objects/56/4fe45d1b01864122edd08fe13b7d2b4a311dc4
/home/Ash_JK54/Code/.git/objects/57
/home/Ash_JK54/Code/.git/objects/57/607de3e0980551b2bffc694c2a17428b186126
/home/Ash_JK54/Code/.git/objects/57/76653395f0ab73b500868eb388afe54a2681d8
/home/Ash_JK54/Code/.git/objects/58
/home/Ash_JK54/Code/.git/objects/58/2206385b79e5b671ecf0820e575dc62b7e34b1
/home/Ash_JK54/Code/.git/objects/58/5ec7fd46e0b72bae6a2ccb0aea230aa8d521f7
/home/Ash_JK54/Code/.git/objects/58/6e050215b8fa8bddb0cb211a424c543e796f1e
/home/Ash_JK54/Code/.git/objects/58/8aefb3339127ae6b01e491a54d64d1c398ef3b
/home/Ash_JK54/Code/.git/objects/58/d4f9f45503f538d2251f4d9a3be887fad5866c
/home/Ash_JK54/Code/.git/objects/5b
/home/Ash_JK54/Code/.git/objects/5b/c55795c7c1a38f2999e1511ed8ad80ac4626de
/home/Ash_JK54/Code/.git/objects/5b/de3a795564c2bf75eaf789a3ce75da23120439
/home/Ash_JK54/Code/.git/objects/5b/dfb197df6f4f7ce58dc653e23845ef523535c2
/home/Ash_JK54/Code/.git/objects/5e
/home/Ash_JK54/Code/.git/objects/5e/10e72c721a834a283663f393d4e92a6ad8b65c
/home/Ash_JK54/Code/.git/objects/5e/fd70be9bf28aaa32ca3ca1422656af0ae86cf0
/home/Ash_JK54/Code/.git/objects/5f
/home/Ash_JK54/Code/.git/objects/5f/0fe3c5e66bdc8ca6d24e7b26ecef4af3d50d8e
/home/Ash_JK54/Code/.git/objects/5f/150bb5cf7e1067bf7a18376456501e3d02d927
/home/Ash_JK54/Code/.git/objects/5f/2ae7ffb95955b26d96b9d2ad9d32c9a5377681
/home/Ash_JK54/Code/.git/objects/5f/6cf624cdc824fe66fb33c8938b4ed521900e10
/home/Ash_JK54/Code/.git/objects/5f/d753dcd1ddc147c5f44ff2663d14bacba992c3
/home/Ash_JK54/Code/.git/objects/60
/home/Ash_JK54/Code/.git/objects/60/4730bf1e42d6395d2fd3451b1b0e1494a4a072
/home/Ash_JK54/Code/.git/objects/60/c41ae27f55390ebb1c433ddeb2bc55d53389b8
/home/Ash_JK54/Code/.git/objects/61
/home/Ash_JK54/Code/.git/objects/61/7825056ec78ba62f61af8522c2eb84583ecc97
/home/Ash_JK54/Code/.git/objects/61/c0da07181978db6dc51fed82f424a538ec84f4
/home/Ash_JK54/Code/.git/objects/62
/home/Ash_JK54/Code/.git/objects/62/11c76edc9c5c91dcfc4a3ed90e7acd6d51a538
/home/Ash_JK54/Code/.git/objects/65
/home/Ash_JK54/Code/.git/objects/65/953ff7748f387aead52522c76cfdd96b44fb2b
/home/Ash_JK54/Code/.git/objects/67
/home/Ash_JK54/Code/.git/objects/67/3436547e61480d941583788bb3a677c97b4d89
/home/Ash_JK54/Code/.git/objects/67/54e58aa0204d28efa786a67fcb57f772e34eee
/home/Ash_JK54/Code/.git/objects/67/e4c30b3cb75f28bdf3471d3c56aeb19dce2d34
/home/Ash_JK54/Code/.git/objects/67/e7941c719ca4266bdeefaeb97ae9f5a4925721
/home/Ash_JK54/Code/.git/objects/68
/home/Ash_JK54/Code/.git/objects/68/287c2be872a89fa100bb1bba472a3b98c5ddae
/home/Ash_JK54/Code/.git/objects/68/ff525c11f196bf40c43e0b9e8815eec13fd630
/home/Ash_JK54/Code/.git/objects/69
/home/Ash_JK54/Code/.git/objects/69/38ecfa2f4b9846a9b45e9dd26389e9ef2b6321
/home/Ash_JK54/Code/.git/objects/69/9477b8936462cb7faecb128e0f5ddf6190e268
/home/Ash_JK54/Code/.git/objects/69/b538cc1b738b7536d02bd5a0f3643f885a8c24
/home/Ash_JK54/Code/.git/objects/69/e0697d1d37682dcb0d5c5ae18c5252359575dc
/home/Ash_JK54/Code/.git/objects/6a
/home/Ash_JK54/Code/.git/objects/6a/659a29ffc520d328c3fc0415697fcc1b9080a6
/home/Ash_JK54/Code/.git/objects/6a/7251bc82a40804ec2e09449ce20713282ab9de
/home/Ash_JK54/Code/.git/objects/6a/90c341a8dd36277c75cfd721c276f4c3831735
/home/Ash_JK54/Code/.git/objects/6a/ce4322f8fe4eef616d1cad8186b2e2196b8c85
/home/Ash_JK54/Code/.git/objects/6a/dd30946d3ed8678d0284f25c7ab128f316d4e1
/home/Ash_JK54/Code/.git/objects/6a/ea38d785009dc625f9c556f6eb1259eace2e06
/home/Ash_JK54/Code/.git/objects/6b
/home/Ash_JK54/Code/.git/objects/6b/d1f9241ed06edfbd5af413524f1acfbf17dc2e
/home/Ash_JK54/Code/.git/objects/6c
/home/Ash_JK54/Code/.git/objects/6c/7912c969368484ef78a4a6a71ba1ba425ffe32
/home/Ash_JK54/Code/.git/objects/6c/8f40ad1b28e7903069c2fdd889b19b1b745252
/home/Ash_JK54/Code/.git/objects/6c/d103561d832c5bedcb59f955b4a70915f9a688
/home/Ash_JK54/Code/.git/objects/6d
/home/Ash_JK54/Code/.git/objects/6d/1fbded227b285270ba5c873d696e3b7239f775
/home/Ash_JK54/Code/.git/objects/6d/b7675e9acc9cdda69b912ed676c576ab863103
/home/Ash_JK54/Code/.git/objects/6d/db9fca996335c262db41166de6731cd2d75273
/home/Ash_JK54/Code/.git/objects/6e
/home/Ash_JK54/Code/.git/objects/6e/8598c5fc0d2cc1801f099df3d5a4ca60429447
/home/Ash_JK54/Code/.git/objects/6e/ce6f2f7079abc7e393f51f5cbde4ccb0b3dc8c
/home/Ash_JK54/Code/.git/objects/6f
/home/Ash_JK54/Code/.git/objects/6f/7e2e0725f60febfad2652e00e53bf89c5e1ef8
/home/Ash_JK54/Code/.git/objects/70
/home/Ash_JK54/Code/.git/objects/70/cce97b28cae939e376c98bc8690a10bbe89e1c
/home/Ash_JK54/Code/.git/objects/72
/home/Ash_JK54/Code/.git/objects/72/75c443cfc2e5e7e1b39e69c39e51f314e08a8c
/home/Ash_JK54/Code/.git/objects/72/8baa59cf96fc3eba5a842246e728828401289e
/home/Ash_JK54/Code/.git/objects/74
/home/Ash_JK54/Code/.git/objects/74/9c362b12d98383fb7f15621938040c1d2e8360
/home/Ash_JK54/Code/.git/objects/74/ffc55d39d19763860bae5a66ae071850981373
/home/Ash_JK54/Code/.git/objects/75
/home/Ash_JK54/Code/.git/objects/75/9d108b4417e8144590c14c612f27bde67e8338
/home/Ash_JK54/Code/.git/objects/75/a59e6593c73ce6da2609203e8944ee06efac40
/home/Ash_JK54/Code/.git/objects/75/d2677597c80a0a235589968605dd088df21833
/home/Ash_JK54/Code/.git/objects/76
/home/Ash_JK54/Code/.git/objects/76/2f2737823826ed0e984eb8276e088c5d747719
/home/Ash_JK54/Code/.git/objects/76/e41e777b2c7b5844cd32f03f49eb16434a6a56
/home/Ash_JK54/Code/.git/objects/77
/home/Ash_JK54/Code/.git/objects/77/18a0bb122cbd3f3db15f51db9f2151ddb172f1
/home/Ash_JK54/Code/.git/objects/77/f1c7cd1dc0ece7c11356506c8cb9065104481b
/home/Ash_JK54/Code/.git/objects/78
/home/Ash_JK54/Code/.git/objects/78/2a077b87e60b8c255e2411ac02634c25e0cf60
/home/Ash_JK54/Code/.git/objects/78/38d6117b8058a9e2aaf99c7be4b07db82cdbaa
/home/Ash_JK54/Code/.git/objects/78/b4cbccf672d5a2e18831bcd55fe1202c95887e
/home/Ash_JK54/Code/.git/objects/79
/home/Ash_JK54/Code/.git/objects/79/176d4877efbef8412be36c77e0fe7f498e0ad7
/home/Ash_JK54/Code/.git/objects/7a
/home/Ash_JK54/Code/.git/objects/7a/2085c0ad9a188502a227889ffbda07f72fdaa5
/home/Ash_JK54/Code/.git/objects/7a/7ea11ff6f470998d8242d6b6929127e8bf7954
/home/Ash_JK54/Code/.git/objects/7b
/home/Ash_JK54/Code/.git/objects/7b/41af448e80d449decf75f8cd005ed910e0c137
/home/Ash_JK54/Code/.git/objects/7b/9646b4094952e89c092f96b592919f21454b5b
/home/Ash_JK54/Code/.git/objects/7b/c005ea5f5d2bfd95fe50949976fdf6922f932f
/home/Ash_JK54/Code/.git/objects/7b/e41076c0f1032ea38bc9eb8653dc820b8dc789
/home/Ash_JK54/Code/.git/objects/7b/e7428af1c285738fdcebb77c52cf9766b3b78d
/home/Ash_JK54/Code/.git/objects/7c
/home/Ash_JK54/Code/.git/objects/7c/812d02eca04a5123c94ec11be90ce78a66cfc1
/home/Ash_JK54/Code/.git/objects/7c/966d9072daa776ef52e8257b3cf0ccfe76a627
/home/Ash_JK54/Code/.git/objects/7d
/home/Ash_JK54/Code/.git/objects/7d/eec071669c7b8c3bd911deedd47165bf14847f
/home/Ash_JK54/Code/.git/objects/7e
/home/Ash_JK54/Code/.git/objects/7e/15e88ec880e57b9e84155ed58416a61c839ac0
/home/Ash_JK54/Code/.git/objects/80
/home/Ash_JK54/Code/.git/objects/80/e2dab93cdad7281ab9d5c3b7f935f1d7b84df3
/home/Ash_JK54/Code/.git/objects/82
/home/Ash_JK54/Code/.git/objects/82/a2b031640fe1495df18c773119d356ad191394
/home/Ash_JK54/Code/.git/objects/83
/home/Ash_JK54/Code/.git/objects/83/bef3083acc37e4a3cc9f8947f34541570d1df1
/home/Ash_JK54/Code/.git/objects/85
/home/Ash_JK54/Code/.git/objects/85/b2f1d7e62dee84dc0c16bd65226f4383025e8f
/home/Ash_JK54/Code/.git/objects/86
/home/Ash_JK54/Code/.git/objects/86/592121cc3db67966b03836636197521f7f0cfd
/home/Ash_JK54/Code/.git/objects/87
/home/Ash_JK54/Code/.git/objects/87/f80ccbf68006e40b15c2b990e8a07eb8fd5cc2
/home/Ash_JK54/Code/.git/objects/88
/home/Ash_JK54/Code/.git/objects/88/50e238773f9adcdd914c23a80002dd001de387
/home/Ash_JK54/Code/.git/objects/89
/home/Ash_JK54/Code/.git/objects/89/2232c9d4c735f6621966c42c69185884dbf008
/home/Ash_JK54/Code/.git/objects/89/ce967e00e74818afa79d733bae15a5a5ff2581
/home/Ash_JK54/Code/.git/objects/89/df30630c9780a5c4517d20084a8dbae5933808
/home/Ash_JK54/Code/.git/objects/8a
/home/Ash_JK54/Code/.git/objects/8a/35a1121ab926b5105535f6fbe02ae951bd9b93
/home/Ash_JK54/Code/.git/objects/8a/eaba07495444b98935fd2f816409f9658b1f30
/home/Ash_JK54/Code/.git/objects/8a/eb87c3e1da9ef86fe838c13688604b4d5ca470
/home/Ash_JK54/Code/.git/objects/8b
/home/Ash_JK54/Code/.git/objects/8b/207838377fca71cc94ba19b18084d216595823
/home/Ash_JK54/Code/.git/objects/8e
/home/Ash_JK54/Code/.git/objects/8e/bc7f005b75041b0c4bb1221683fb423c78d235
/home/Ash_JK54/Code/.git/objects/90
/home/Ash_JK54/Code/.git/objects/90/606acfd06f134943c981835d0e8c63fa83e9ed
/home/Ash_JK54/Code/.git/objects/90/e989976bf4f136f1110d88e3ead729f9a49c69
/home/Ash_JK54/Code/.git/objects/91
/home/Ash_JK54/Code/.git/objects/91/46f73e4e1a7ec765d845456c4d70b336540f7f
/home/Ash_JK54/Code/.git/objects/92
/home/Ash_JK54/Code/.git/objects/92/99c1c5bda879850b9aa7e7b6325a0479fb6300
/home/Ash_JK54/Code/.git/objects/93
/home/Ash_JK54/Code/.git/objects/93/103148a42551ba2d1b6672521ac374b086ec66
/home/Ash_JK54/Code/.git/objects/93/9b550ce8e02decd93639729b001a714e548683
/home/Ash_JK54/Code/.git/objects/95
/home/Ash_JK54/Code/.git/objects/95/d19c4f7830e5c6da16972b41945ad6351cc2bf
/home/Ash_JK54/Code/.git/objects/96
/home/Ash_JK54/Code/.git/objects/96/0d6623f464ecbcfc07fd227c3ad2f0bb63b2b2
/home/Ash_JK54/Code/.git/objects/96/4e89ce24fbe4e3e7367b12727d41371e3a2157
/home/Ash_JK54/Code/.git/objects/97
/home/Ash_JK54/Code/.git/objects/97/527e83490e83825ce8b1322f6ad34526480c92
/home/Ash_JK54/Code/.git/objects/97/87cef7e011ae0e3fe9818568aeb1b14ed585b5
/home/Ash_JK54/Code/.git/objects/99
/home/Ash_JK54/Code/.git/objects/99/b4a2d0706ecd778cbfaadab35704b9ecc69a5c
/home/Ash_JK54/Code/.git/objects/99/c0b665fd98fe9268d8c417e5e5f69148da1f46
/home/Ash_JK54/Code/.git/objects/99/fe1030f1873f18f24b7084d9b92adb529c8188
/home/Ash_JK54/Code/.git/objects/9a
/home/Ash_JK54/Code/.git/objects/9a/213e3304058a02d7aaf2e9ed4f29f27bb1989e
/home/Ash_JK54/Code/.git/objects/9a/d511c2c36c6ec9baf807f7ffda183acffdbe15
/home/Ash_JK54/Code/.git/objects/9a/e00e67d9c8f340b376797da5d9242055d53d83
/home/Ash_JK54/Code/.git/objects/9b
/home/Ash_JK54/Code/.git/objects/9b/93340aa862bf4fa6787f09559470827340493d
/home/Ash_JK54/Code/.git/objects/9b/dda00422c99e4c5482837e3073fcaa920af65a
/home/Ash_JK54/Code/.git/objects/9b/f58b4ec4315df0d1e4d1f8d40f7be181d3553a
/home/Ash_JK54/Code/.git/objects/9c
/home/Ash_JK54/Code/.git/objects/9c/4716956faf8165d4f3407f406a4c45212dd673
/home/Ash_JK54/Code/.git/objects/9c/7f38eb2c57574d0651bd12660cccd8acfbf7ef
/home/Ash_JK54/Code/.git/objects/9c/910dfebf6dee06f092dc4dd046c40f1a832700
/home/Ash_JK54/Code/.git/objects/9c/c8371e7f2d60b6c7a5bfb6bbb0a4f4bd071613
/home/Ash_JK54/Code/.git/objects/9d
/home/Ash_JK54/Code/.git/objects/9d/19d5556a6878e29c62ed84386701a883a123a1
/home/Ash_JK54/Code/.git/objects/9f
/home/Ash_JK54/Code/.git/objects/9f/0d421ccd251c17839aad38289e9b32fdc1ada9
/home/Ash_JK54/Code/.git/objects/a0
/home/Ash_JK54/Code/.git/objects/a0/36ea90038eb82da2ffb322f7ae15ddbbf0a0d9
/home/Ash_JK54/Code/.git/objects/a2
/home/Ash_JK54/Code/.git/objects/a2/ece93887e0310f734215539f6df872199f5930
/home/Ash_JK54/Code/.git/objects/a3
/home/Ash_JK54/Code/.git/objects/a3/2674d93d36ef143f94530c212f37aa766f10f0
/home/Ash_JK54/Code/.git/objects/a4
/home/Ash_JK54/Code/.git/objects/a4/8afb949187c5e93ae54a86852ca4c7e2c2576f
/home/Ash_JK54/Code/.git/objects/a4/8b22115b4041ed9ac055a7d8cec5671cb991ef
/home/Ash_JK54/Code/.git/objects/a4/dbae9dd5bf33d8566383a62a01f2e693e6018b
/home/Ash_JK54/Code/.git/objects/a4/ed219a43e3897300664059f8741a9c77750679
/home/Ash_JK54/Code/.git/objects/a5
/home/Ash_JK54/Code/.git/objects/a5/e7af456200e8bc43d72ec12c1ce27c107850ac
/home/Ash_JK54/Code/.git/objects/a6
/home/Ash_JK54/Code/.git/objects/a6/5b63fdb99fa6c20fc2b0a942c4794a36b72318
/home/Ash_JK54/Code/.git/objects/a6/6a03d3e10198bfcd57706e4a4b45887a8566c3
/home/Ash_JK54/Code/.git/objects/a6/e6aa9a5e80f081a8ae0ed0201aed79ad967a1b
/home/Ash_JK54/Code/.git/objects/a7
/home/Ash_JK54/Code/.git/objects/a7/6dc16594cea20dfa737e8c64a7f5530bc47dc4
/home/Ash_JK54/Code/.git/objects/a8
/home/Ash_JK54/Code/.git/objects/a8/45b1f023771f76828e6dee7d421c2391af2ba5
/home/Ash_JK54/Code/.git/objects/a8/ee689aad635f71c82d27c4ff06b71fe229edb2
/home/Ash_JK54/Code/.git/objects/aa
/home/Ash_JK54/Code/.git/objects/aa/5c1bc3cfaf9bdd383984609caf24b0581af2a2
/home/Ash_JK54/Code/.git/objects/ae
/home/Ash_JK54/Code/.git/objects/ae/562eb48c3572bde48a5cc1df5d471b618d902e
/home/Ash_JK54/Code/.git/objects/ae/ba8179ad4dca4592bdeb9f5d889af66472f2de
/home/Ash_JK54/Code/.git/objects/ae/eeafcee9f0a5df07096e0676a5febdeee203d6
/home/Ash_JK54/Code/.git/objects/af
/home/Ash_JK54/Code/.git/objects/af/368d7a09358d287211ea80c37def590c42f78e
/home/Ash_JK54/Code/.git/objects/af/5b0c7571ff58f52a503e22891aa48048733007
/home/Ash_JK54/Code/.git/objects/af/ac1afc32bb6d05bed49b8015658702caf9a3cb
/home/Ash_JK54/Code/.git/objects/b0
/home/Ash_JK54/Code/.git/objects/b0/27190d5424c74442c3e20d1dedab86f211b399
/home/Ash_JK54/Code/.git/objects/b0/7098719e52d06fae23ee00759415039d80b826
/home/Ash_JK54/Code/.git/objects/b0/8f7a11e4c2f43c06762499ba79795cc2488f95
/home/Ash_JK54/Code/.git/objects/b0/deebd1e105e59d92394ffe8c0389f565a88b5f
/home/Ash_JK54/Code/.git/objects/b1
/home/Ash_JK54/Code/.git/objects/b1/b35209ae482b35413ef6761f909e8941df78eb
/home/Ash_JK54/Code/.git/objects/b1/f81bc8f4d4a39935c26a5fd19f3e5be1860ef1
/home/Ash_JK54/Code/.git/objects/b3
/home/Ash_JK54/Code/.git/objects/b3/95ef50641fe1b6d1ff46d46914a55f16149964
/home/Ash_JK54/Code/.git/objects/b4
/home/Ash_JK54/Code/.git/objects/b4/3315a4a54bb77a0306024a49c3cfba1b66d468
/home/Ash_JK54/Code/.git/objects/b5
/home/Ash_JK54/Code/.git/objects/b5/5ded51324e22c5978aa1471a76db9e774a71f6
/home/Ash_JK54/Code/.git/objects/b5/6d07919db87674f5890781a2e636a264e17fbf
/home/Ash_JK54/Code/.git/objects/b5/c9baaeb222aa75e5916b5626787264e5855f2f
/home/Ash_JK54/Code/.git/objects/b6
/home/Ash_JK54/Code/.git/objects/b6/3cd710fb5387477d95d1551286855439e570d4
/home/Ash_JK54/Code/.git/objects/b7
/home/Ash_JK54/Code/.git/objects/b7/ecedcc281d6ea9c8062d4167a46b8b71ea2750
/home/Ash_JK54/Code/.git/objects/b8
/home/Ash_JK54/Code/.git/objects/b8/d71d842230ef384ecdf0e687a46c54c1c0aaf9
/home/Ash_JK54/Code/.git/objects/ba
/home/Ash_JK54/Code/.git/objects/ba/8c56abe5ff173d62edc927ecea9449bc2d1d4b
/home/Ash_JK54/Code/.git/objects/ba/a0f9560df9206c4c93af756b5917681e470b7e
/home/Ash_JK54/Code/.git/objects/bc
/home/Ash_JK54/Code/.git/objects/bc/82f100f9eada082e3e716ab6ece97f3e3062e6
/home/Ash_JK54/Code/.git/objects/bd
/home/Ash_JK54/Code/.git/objects/bd/1ecc368e2f43e57c1ac7c3ae797224864bc549
/home/Ash_JK54/Code/.git/objects/bd/2c07b4d316d5ecc4472d01e9764a0dc3bfaa44
/home/Ash_JK54/Code/.git/objects/be
/home/Ash_JK54/Code/.git/objects/be/32ee686b54afc409e313aeb9e87057211d4f22
/home/Ash_JK54/Code/.git/objects/be/f6cbb706c52ca42d0177dc8368bff196c86e02
/home/Ash_JK54/Code/.git/objects/bf
/home/Ash_JK54/Code/.git/objects/bf/0e8c20f02447698470169b5b480d39c1de3721
/home/Ash_JK54/Code/.git/objects/bf/8738c5b3dd2e45652814291e1d0c6a3af99d86
/home/Ash_JK54/Code/.git/objects/bf/db03a3f3d5220888b9364ec37d0f939aac5e60
/home/Ash_JK54/Code/.git/objects/c0
/home/Ash_JK54/Code/.git/objects/c0/33b6b60992f54726f453e6947f56fda41382a8
/home/Ash_JK54/Code/.git/objects/c1
/home/Ash_JK54/Code/.git/objects/c1/1e341b1190f0fd487166777480d9f996a047b0
/home/Ash_JK54/Code/.git/objects/c1/e17f283986b4c408f900c7aba4abf79724154c
/home/Ash_JK54/Code/.git/objects/c2
/home/Ash_JK54/Code/.git/objects/c2/4c9b86f5a6b601571ca60931e5cd990ba15d43
/home/Ash_JK54/Code/.git/objects/c2/d056a533b57cae1d13fa714e02695b267c38ee
/home/Ash_JK54/Code/.git/objects/c3
/home/Ash_JK54/Code/.git/objects/c3/fa98e49225ffe94e0a01c1c67d6cdddb7040bf
/home/Ash_JK54/Code/.git/objects/c7
/home/Ash_JK54/Code/.git/objects/c7/42a582df637426b14a3aa4ec1adf5e4908e29b
/home/Ash_JK54/Code/.git/objects/c8
/home/Ash_JK54/Code/.git/objects/c8/5aaa040b42711804f4c5bda70231f8ce8ccd0b
/home/Ash_JK54/Code/.git/objects/c9
/home/Ash_JK54/Code/.git/objects/c9/4bada350c514799c22be7095f7adba9c87fcad
/home/Ash_JK54/Code/.git/objects/cb
/home/Ash_JK54/Code/.git/objects/cb/769c489a8a6b4180421ae5369c60c79c90e90e
/home/Ash_JK54/Code/.git/objects/cb/f0dc9f261b0eebea4e213018df226afebad5d0
/home/Ash_JK54/Code/.git/objects/ce
/home/Ash_JK54/Code/.git/objects/ce/735cbc605f06e5dd2aefb9a4939fd5d1660965
/home/Ash_JK54/Code/.git/objects/d0
/home/Ash_JK54/Code/.git/objects/d0/7389dd4bf8bb95107a70a80efc46b75ad86aae
/home/Ash_JK54/Code/.git/objects/d0/99bf163940b6e74f5ee79dffd664cb5c4389d6
/home/Ash_JK54/Code/.git/objects/d0/efe1d394dd9abd35d040b6cfa509e5eb82bb04
/home/Ash_JK54/Code/.git/objects/d1
/home/Ash_JK54/Code/.git/objects/d1/5b728cf5831b7245f8013fd59f827e86337a3d
/home/Ash_JK54/Code/.git/objects/d2
/home/Ash_JK54/Code/.git/objects/d2/0693769ff40746bbaf96606e09ae37b0cdd75e
/home/Ash_JK54/Code/.git/objects/d2/55e5a51bf087b51caa20243b7a2c64df00891d
/home/Ash_JK54/Code/.git/objects/d3
/home/Ash_JK54/Code/.git/objects/d3/fbd59dcc48dbdaece51f167b342c830bac02bc
/home/Ash_JK54/Code/.git/objects/d4
/home/Ash_JK54/Code/.git/objects/d4/824a7c2b602e9225ae807852032c4d6a51baa4
/home/Ash_JK54/Code/.git/objects/d5
/home/Ash_JK54/Code/.git/objects/d5/4240e06397dcc1c363b75e0b493703f2513b27
/home/Ash_JK54/Code/.git/objects/d6
/home/Ash_JK54/Code/.git/objects/d6/4e3e888bac1515944bad6dfc72ac47990db469
/home/Ash_JK54/Code/.git/objects/d6/6c6d98e3dd9ed04a592dd80c3257f2bced336d
/home/Ash_JK54/Code/.git/objects/d7
/home/Ash_JK54/Code/.git/objects/d7/1be41525dbf6b77af853414cf3432dbdbc90ff
/home/Ash_JK54/Code/.git/objects/d7/a868d312d80328cb9c589a809721dfa406bfcc
/home/Ash_JK54/Code/.git/objects/d8
/home/Ash_JK54/Code/.git/objects/d8/547b48c9e7958f556340f969f1227961b74e93
/home/Ash_JK54/Code/.git/objects/d8/f0034b38e478ef0496b2347038f86ec83759c9
/home/Ash_JK54/Code/.git/objects/d9
/home/Ash_JK54/Code/.git/objects/d9/851b0b57f7555afed259dade30b4c670941568
/home/Ash_JK54/Code/.git/objects/d9/ba144bb9b4dea7f3cfb590e86212bccc2fe340
/home/Ash_JK54/Code/.git/objects/da
/home/Ash_JK54/Code/.git/objects/da/711b6de524403cdd45577a5f9acadf453a551d
/home/Ash_JK54/Code/.git/objects/da/b42f02a4c07184487cf5bac9229ceb9d13537e
/home/Ash_JK54/Code/.git/objects/da/b8d36d70b9753ee0bac8c874a3055216fc5a28
/home/Ash_JK54/Code/.git/objects/db
/home/Ash_JK54/Code/.git/objects/db/e9464338c1314b3f81e122166c96555566f269
/home/Ash_JK54/Code/.git/objects/dc
/home/Ash_JK54/Code/.git/objects/dc/6b281574c2cd9af5b77a0ca92d1b60a3fe36e7
/home/Ash_JK54/Code/.git/objects/de
/home/Ash_JK54/Code/.git/objects/de/422bea42972b52e547c2337d8429a10b7aa240
/home/Ash_JK54/Code/.git/objects/de/c71311a6967ad91eab6f954ccbc7a77c4a8ab5
/home/Ash_JK54/Code/.git/objects/de/cfff785b04bab882c12daf0b18c940d412584e
/home/Ash_JK54/Code/.git/objects/df
/home/Ash_JK54/Code/.git/objects/df/307bd57063524313f2385c5cfc94348811c3dc
/home/Ash_JK54/Code/.git/objects/e0
/home/Ash_JK54/Code/.git/objects/e0/152003e184198f74d025ee5d56708f3c4ee235
/home/Ash_JK54/Code/.git/objects/e0/22934d2ad1f87ec5b5172e88e9a26e46fef51d
/home/Ash_JK54/Code/.git/objects/e0/2e35496cc38a3e99158110c7423c580c4d101c
/home/Ash_JK54/Code/.git/objects/e1
/home/Ash_JK54/Code/.git/objects/e1/8bfa6735146c8a9734644d2b9472b58786366d
/home/Ash_JK54/Code/.git/objects/e2
/home/Ash_JK54/Code/.git/objects/e2/bcd0d55c94bea7847ef4db923092a2d94d92a2
/home/Ash_JK54/Code/.git/objects/e3
/home/Ash_JK54/Code/.git/objects/e3/0d3c0764645f4cb8e614e51a6f9da8056eecb1
/home/Ash_JK54/Code/.git/objects/e3/b1bdad0e41928da8099bf2453371e8269c32e5
/home/Ash_JK54/Code/.git/objects/e5
/home/Ash_JK54/Code/.git/objects/e5/25895224d33a1b26820910e816a7bd604c0a79
/home/Ash_JK54/Code/.git/objects/e6
/home/Ash_JK54/Code/.git/objects/e6/771274ab23f2f7ab89ee0c2752c3c599288815
/home/Ash_JK54/Code/.git/objects/e6/dd3959e55360870be4c931cf19c7c88640e322
/home/Ash_JK54/Code/.git/objects/e7
/home/Ash_JK54/Code/.git/objects/e7/aae684119bed3be01eff273d5d9955f20d0f57
/home/Ash_JK54/Code/.git/objects/e8
/home/Ash_JK54/Code/.git/objects/e8/e5b63a000ebad3566c8f7954a7edcb1b7bfd3e
/home/Ash_JK54/Code/.git/objects/e8/ebbda8f7e4d6dd2293fb0f9e0ae89b64e01942
/home/Ash_JK54/Code/.git/objects/ea
/home/Ash_JK54/Code/.git/objects/ea/c73df741dd01886f5e773f1e425f1c30d5995b
/home/Ash_JK54/Code/.git/objects/eb
/home/Ash_JK54/Code/.git/objects/eb/315e16abd7d4107604d0ab2982a3c8cd9085a9
/home/Ash_JK54/Code/.git/objects/eb/9c617cf5aed6abd60960f353183dcd94562d5b
/home/Ash_JK54/Code/.git/objects/eb/d034e56ebdc47aded0bfc17d8d34f98c455c39
/home/Ash_JK54/Code/.git/objects/ec
/home/Ash_JK54/Code/.git/objects/ec/1d0f628e70968cc9bb1d59fc134253b751b97b
/home/Ash_JK54/Code/.git/objects/ec/d08007d45f9b7ace8bcd4c37d3ee5352b22928
/home/Ash_JK54/Code/.git/objects/ed
/home/Ash_JK54/Code/.git/objects/ed/e7a098b4bcebf3c05b985de9e5306f58b77b74
/home/Ash_JK54/Code/.git/objects/ee
/home/Ash_JK54/Code/.git/objects/ee/82d3ad3d557c9322bc5d31ec3045e6ba067067
/home/Ash_JK54/Code/.git/objects/ee/ef09be10dfa85c7630361638a06844806f12fc
/home/Ash_JK54/Code/.git/objects/ef
/home/Ash_JK54/Code/.git/objects/ef/7f6fd83042c293b21a0911ab2069049e33c09d
/home/Ash_JK54/Code/.git/objects/ef/dfba6cd7af9bf051046c27dfa034937d8c7ef0
/home/Ash_JK54/Code/.git/objects/f1
/home/Ash_JK54/Code/.git/objects/f1/23b812bcad7fea52b207c3e3c8fdf5f133569d
/home/Ash_JK54/Code/.git/objects/f1/a3c94adb807ee947b7f6660e132ab914dd158b
/home/Ash_JK54/Code/.git/objects/f2
/home/Ash_JK54/Code/.git/objects/f2/453a68395c4c20c790d497d54edf8ee059357e
/home/Ash_JK54/Code/.git/objects/f2/85fcb701986b877cfca109b2ecc85a8c23b2e8
/home/Ash_JK54/Code/.git/objects/f2/affdf40357f7d9c393f511ba80272403078343
/home/Ash_JK54/Code/.git/objects/f3
/home/Ash_JK54/Code/.git/objects/f3/2ac665d687ae72a2bcc12a525cb42e9c56239c
/home/Ash_JK54/Code/.git/objects/f5
/home/Ash_JK54/Code/.git/objects/f5/241539f7702d2df02929c48698b11d56b8f8ab
/home/Ash_JK54/Code/.git/objects/f5/5673a4aeacf59175fd2497367f3d1257c9ca6f
/home/Ash_JK54/Code/.git/objects/f5/597d7162d80ef965f6cbf13c6e5a691d266a29
/home/Ash_JK54/Code/.git/objects/f5/95ccb0733aa450d2e08bd2013020b1847390b7
/home/Ash_JK54/Code/.git/objects/f6
/home/Ash_JK54/Code/.git/objects/f6/e5e2fb1ebb7dbbdc90f7c8374fe036abf4810a
/home/Ash_JK54/Code/.git/objects/f8
/home/Ash_JK54/Code/.git/objects/f8/ae2af60c0afa54f2b682299199f1fb3aae1851
/home/Ash_JK54/Code/.git/objects/f8/b303da47299bf64e9afd36178b12ebd7d58ac9
/home/Ash_JK54/Code/.git/objects/f9
/home/Ash_JK54/Code/.git/objects/f9/11c7c317b16ddeb203176493c3e608e55e12b6
/home/Ash_JK54/Code/.git/objects/f9/2418182ee59405275562967fd4ec9695159212
/home/Ash_JK54/Code/.git/objects/f9/c23d8b3cf01ba71126309794c012824e7c3343
/home/Ash_JK54/Code/.git/objects/fa
/home/Ash_JK54/Code/.git/objects/fa/b65b1e41e826b93dbc24c6bcb197a4d78a2cb1
/home/Ash_JK54/Code/.git/objects/fa/f8878d4692185fb9c47ef3dafd37d17c972e87
/home/Ash_JK54/Code/.git/objects/fc
/home/Ash_JK54/Code/.git/objects/fc/1216d33756251b4ab11935323b6648f32e96e5
/home/Ash_JK54/Code/.git/objects/fc/9f5ea407295288644da71642db55f3d3a2e452
/home/Ash_JK54/Code/.git/objects/fc/aed91dc9883fbc4a48f198c2c76cda62a6b401
/home/Ash_JK54/Code/.git/objects/info
/home/Ash_JK54/Code/.git/objects/pack
/home/Ash_JK54/Code/.git/objects/pack/pack-664b9eb350b6246846c801427f183a5b96113f9a.idx
/home/Ash_JK54/Code/.git/objects/pack/pack-664b9eb350b6246846c801427f183a5b96113f9a.pack
/home/Ash_JK54/Code/.git/ORIG_HEAD
/home/Ash_JK54/Code/.git/refs
/home/Ash_JK54/Code/.git/refs/heads
/home/Ash_JK54/Code/.git/refs/heads/master
/home/Ash_JK54/Code/.git/refs/remotes
/home/Ash_JK54/Code/.git/refs/remotes/origin
/home/Ash_JK54/Code/.git/refs/remotes/origin/master
/home/Ash_JK54/Code/.git/refs/tags
/home/Ash_JK54/Code/.gitignore
/home/Ash_JK54/Code/README.md
/home/Ash_JK54/Code/Tool
/home/Ash_JK54/Code/Tool/11.sh
/home/Ash_JK54/Code/Tool/permis.log
/home/Ash_JK54/Code/Tool/permis.sh
/home/Ash_JK54/Code/Tsinsen
/home/Ash_JK54/Code/Tsinsen/1000_A+B_Problem.cpp
/home/Ash_JK54/Code/Tsinsen/1001_01_Sequence.cpp
/home/Ash_JK54/Code/Tsinsen/1002_01_Sequence2.cpp
/home/Ash_JK54/Code/Tsinsen/1003_Draw_Rectangle.cpp
/home/Ash_JK54/Code/Tsinsen/1004_Draw_Rectangle2.cpp
/home/Ash_JK54/Code/Tsinsen/1005_Special_Digit.cpp
/home/Ash_JK54/Code/Tsinsen/1006_Special_Digit2.cpp
/home/Ash_JK54/Code/Tsinsen/1007_Special_Digit3.cpp
/home/Ash_JK54/Code/Tsinsen/1008_Series_Features.cpp
/home/Ash_JK54/Code/Tsinsen/1009_Series_Features2.cpp
/home/Ash_JK54/Code/Tsinsen/1010_Hex_Converter.cpp
/home/Ash_JK54/Code/Tsinsen/1011_Hex_Converter2.cpp
/home/Ash_JK54/Code/Tsinsen/1012_Hex_Converter3.cpp
/home/Ash_JK54/Code/Tsinsen/1013_Hex_Converter4.cpp
/home/Ash_JK54/Code/Tsinsen/1014_Hex_Converter5.cpp
/home/Ash_JK54/Code/Tsinsen/1015_Yang_Hui_Triangle.cpp
/home/Ash_JK54/Code/Tsinsen/1016_Shrinking_Land.cpp
/home/Ash_JK54/Code/Tsinsen/1017_Caculate_Price.cpp
/home/Ash_JK54/Code/Tsinsen/1018_Search_Digit.cpp
/home/Ash_JK54/Code/Tsinsen/1019_Enum.cpp
/home/Ash_JK54/Code/Tsinsen/1020_Sort.cpp
/home/Ash_JK54/Code/Tsinsen/1021_Union.cpp
/home/Ash_JK54/Code/Tsinsen/1022_Time_Convert.cpp
/home/Ash_JK54/Code/Tsinsen/1023_Tile_Laying.cpp
/home/Ash_JK54/Code/Tsinsen/1024_Tile_Laying2.cpp
/home/Ash_JK54/Code/Tsinsen/1025_Compare_String.cpp
/home/Ash_JK54/Code/Tsinsen/1026_Count_Char.cpp
/home/Ash_JK54/Code/Tsinsen/1027_Spell_Check.cpp
/home/Ash_JK54/Code/Tsinsen/1027_Word_List.txt
/home/Ash_JK54/Code/Tsinsen/1028_Calculator.cpp
/home/Ash_JK54/Code/Tsinsen/1029.cpp
/home/Ash_JK54/Code/Tsinsen/1030_Teams_Rank.cpp
/home/Ash_JK54/Code/Tsinsen/1031_Draw_Tritangle.cpp
/home/Ash_JK54/Code/Tsinsen/1032_Draw_Tritangle2.cpp
/home/Ash_JK54/Code/Tsinsen/1033_Draw.cpp
/home/Ash_JK54/Code/Tsinsen/1034_Twin_Prime.cpp
/home/Ash_JK54/Code/Tsinsen/1035_Prime_Sum.cpp
/home/Ash_JK54/Code/Tsinsen/1036_Divine_Prime.cpp
/home/Ash_JK54/Code/Tsinsen/1037_Downstair.cpp
/home/Ash_JK54/Code/Tsinsen/1038_Superb_Repeating_String.cpp.unsolved
/home/Ash_JK54/Code/Tsinsen/1039_Happy_Jump.cpp
/home/Ash_JK54/Code/Tsinsen/1040_Cantor.cpp
/home/Ash_JK54/Code/Tsinsen/1041_Matrix_Multiplication.cpp
/home/Ash_JK54/Code/Tsinsen/1042_Rectangle_Union.cpp
/home/Ash_JK54/Code/Tsinsen/1043_Parlindrome.cpp.unsolved
/home/Ash_JK54/Code/Tsinsen/1044_Fibonacci.cpp
/home/Ash_JK54/Code/Tsinsen/1045_Swap.cpp
/home/Ash_JK54/Code/Tsinsen/1046_Adder.cpp
/home/Ash_JK54/Code/Tsinsen/1047_Wise_Consumer.cpp
/home/Ash_JK54/Code/Tsinsen/1048_Rotate_Triangle.cpp
/home/Ash_JK54/Code/Tsinsen/1049_Logic.cpp.unsolved
/home/Ash_JK54/Code/Tsinsen/1050_Nucleobase_Ratio.cpp
/home/Ash_JK54/Code/Tsinsen/1051_DNA_Sequence.cpp
/home/Ash_JK54/Code/Tsinsen/1052_Num_Reading.cpp.unsolved
/home/Ash_JK54/Code/Tsinsen/1053_The_Next_Cow.cpp
/home/Ash_JK54/Code/Tsinsen/1054_Prime_Cow.cpp
/home/Ash_JK54/Code/Tsinsen/1055_The_Next_Cow2.cpp
/home/Ash_JK54/Code/Tsinsen/1056_Sine.cpp
/home/Ash_JK54/Code/Tsinsen/1057_FJ_String.cpp
/home/Ash_JK54/Code/Tsinsen/1058_Chip_Test.cpp
/home/Ash_JK54/Code/Tsinsen/1059_Solve_Equation.cpp
/home/Ash_JK54/Code/Tsinsen/1060_Archery.cpp.unsolved
/home/Ash_JK54/Code/Tsinsen/1061_Num_Of_Factor.cpp
/home/Ash_JK54/Code/Tsinsen/1062_Tortoise_Rabbit_Race.cpp
/home/Ash_JK54/Code/Tsinsen/1063_Derived_Function.cpp
/home/Ash_JK54/Code/Tsinsen/1065_Tortoise_Rabbit_Race2.cpp.unsolved
/home/Ash_JK54/Code/Tsinsen/1066_Union_Merge.cpp
/home/Ash_JK54/Code/Tsinsen/1067_Fibonacci_Div.cpp
/home/Ash_JK54/Code/Tsinsen/1068_Matrix_Pick.cpp
/home/Ash_JK54/Code/Tsinsen/1069_Magic_Square.cpp.unsolved
/home/Ash_JK54/Code/Unix-like
/home/Ash_JK54/Code/Unix-like/ac.c
/home/Ash_JK54/Code/Unix-like/bsd_tail
/home/Ash_JK54/Code/Unix-like/bsd_tail/extern.h
/home/Ash_JK54/Code/Unix-like/bsd_tail/forward.c
/home/Ash_JK54/Code/Unix-like/bsd_tail/Makefile
/home/Ash_JK54/Code/Unix-like/bsd_tail/misc.c
/home/Ash_JK54/Code/Unix-like/bsd_tail/read.c
/home/Ash_JK54/Code/Unix-like/bsd_tail/reverse.c
/home/Ash_JK54/Code/Unix-like/bsd_tail/tail.1
/home/Ash_JK54/Code/Unix-like/bsd_tail/tail.c
/home/Ash_JK54/Code/Unix-like/bsd_tail.tgz
/home/Ash_JK54/Code/Unix-like/cat.cpp
/home/Ash_JK54/Code/Unix-like/cp.cpp
/home/Ash_JK54/Code/Unix-like/gnu_tail
/home/Ash_JK54/Code/Unix-like/gnu_tail/tail.c
/home/Ash_JK54/Code/Unix-like/gnu_tail.tgz
/home/Ash_JK54/Code/Unix-like/head.c
/home/Ash_JK54/Code/Unix-like/more.c
/home/Ash_JK54/Code/Unix-like/more.cpp
/home/Ash_JK54/Code/Unix-like/tail.c
/home/Ash_JK54/Code/Unix-like/who2.c
/home/Ash_JK54/Code/Unix-like/who3.c
/home/Ash_JK54/Code/Unix-like/whoami.c
